<?xml version="1.0" encoding="UTF-8"?>
<!-- Generated by org.testng.reporters.JUnitReportReporter -->
<testsuite hostname="DESKTOP-9CKIDE8" failures="0" tests="2" name="AutomationPractise.SeleniumFramwork0705.SubmitOrderTest" time="17.256" errors="0" timestamp="2025-05-24T13:07:49 IST" skipped="0">
  <testcase classname="AutomationPractise.SeleniumFramwork0705.SubmitOrderTest" name="printData" time="4.531"/>
  <testcase classname="AutomationPractise.SeleniumFramwork0705.SubmitOrderTest" name="printData" time="12.725"/>
</testsuite> <!-- AutomationPractise.SeleniumFramwork0705.SubmitOrderTest -->
