<?xml version="1.0" encoding="UTF-8"?>
<!-- Generated by org.testng.reporters.JUnitReportReporter -->
<testsuite hostname="DESKTOP-9CKIDE8" failures="0" tests="1" name="testdata.data.dataFromExcel" time="4.199" errors="0" timestamp="2025-05-23T12:25:20 IST" skipped="0">
  <testcase classname="testdata.data.dataFromExcel" name="getData" time="4.199"/>
</testsuite> <!-- testdata.data.dataFromExcel -->
