<?xml version="1.0" encoding="UTF-8"?>
<!-- Generated by org.testng.reporters.JUnitReportReporter -->
<testsuite hostname="DESKTOP-9CKIDE8" failures="0" tests="1" name="AutomationPractise.SeleniumFramwork0705.StandAloneTest" time="29.402" errors="0" timestamp="2025-05-10T05:51:04 IST" skipped="0">
  <testcase classname="AutomationPractise.SeleniumFramwork0705.StandAloneTest" name="EndToEndTest" time="29.402"/>
</testsuite> <!-- AutomationPractise.SeleniumFramwork0705.StandAloneTest -->
