<?xml version="1.0" encoding="UTF-8"?>
<!-- Generated by org.testng.reporters.JUnitReportReporter -->
<testsuite hostname="DESKTOP-9CKIDE8" failures="0" tests="2" name="cucumber.TestNGTestRunner" time="113.999" errors="0" timestamp="2025-05-24T14:17:53 IST" skipped="0">
  <testcase classname="cucumber.TestNGTestRunner" name="runScenario" time="57.532"/>
  <testcase classname="cucumber.TestNGTestRunner" name="runScenario" time="56.467"/>
</testsuite> <!-- cucumber.TestNGTestRunner -->
