<?xml version="1.0" encoding="UTF-8"?>
<!-- Generated by org.testng.reporters.JUnitReportReporter -->
<testsuite hostname="DESKTOP-9CKIDE8" failures="0" tests="1" name="cucumber.TestNGTestRunner" time="80.942" errors="0" timestamp="2025-05-22T20:48:16 IST" skipped="0">
  <testcase classname="cucumber.TestNGTestRunner" name="runScenario" time="80.942"/>
</testsuite> <!-- cucumber.TestNGTestRunner -->
